Removed Pin From Net: NetName=NetC1_N Pin=VR3-1
Removed Pin From Net: NetName=NetR8_2 Pin=VR3-2
Removed Pin From Net: NetName=NetR8_2 Pin=VR3-3
Removed Pin From Net: NetName=NetQ3_3 Pin=VR4-1
Removed Pin From Net: NetName=NetQ3_1 Pin=VR4-2
Removed Pin From Net: NetName=NetQ3_2 Pin=VR4-3
Removed Member From Class: ClassName=Sheet1 Member=VR3
Removed Member From Class: ClassName=Sheet1 Member=VR4
Change Component Footprint: Designator=C2 Old Footprint=CAPRR1250W80L1550T650H1100 New Footprint=CAPRB500W50L450T300H550
Change Component Comment : Designator=C2 Old Comment=ECWF4104HL New Comment=FA24X7R2A104KNU00
Change component parameters: Designator = "C2" ("C2"); Footprint = "CAPRR1250W80L1550T650H1100"; UniqueID = "\HTEHDTLB" ("\HTEHDTLB")
Change component parameters (AddParameter): Name = "Availability"; Value = "In Stock"; VariantName = "[No Variations]"
Change component parameters (AddParameter): Name = "Check_prices"; Value = "https://www.snapeda.com/parts/FA24X7R2A104KNU00/TDK/view-part/?ref=eda"; VariantName = "[No Variations]"
Change component parameters (AddParameter): Name = "MF"; Value = "TDK"; VariantName = "[No Variations]"
Change component parameters (AddParameter): Name = "MP"; Value = "FA24X7R2A104KNU00"; VariantName = "[No Variations]"
Change component parameters (AddParameter): Name = "Package"; Value = "Radial TDK"; VariantName = "[No Variations]"
Change component parameters (AddParameter): Name = "Price"; Value = "None"; VariantName = "[No Variations]"
Change component parameters (AddParameter): Name = "Purchase-URL"; Value = "https://pricing.snapeda.com/search/part/FA24X7R2A104KNU00/?ref=eda"; VariantName = "[No Variations]"
Change component parameters (AddParameter): Name = "SnapEDA_Link"; Value = "https://www.snapeda.com/parts/FA24X7R2A104KNU00/TDK/view-part/?ref=snap"; VariantName = "[No Variations]"
Change component parameters (AddParameter): Name = "Value"; Value = "0.1uF"; VariantName = "[No Variations]"
Added Component: Designator=R9(POT_3386P)
Add component (AddParameter): Name = "Mfr_Name"; Value = "Bourns Electronics"; VariantName = "[No Variations]"
Add component (AddParameter): Name = "RefDes"; Value = ""; VariantName = "[No Variations]"
Add component (AddParameter): Name = "Type"; Value = ""; VariantName = "[No Variations]"
Add component (AddParameter): Name = "Value"; Value = "5K"; VariantName = "[No Variations]"
Added Component: Designator=R10(POT_3386P)
Add component (AddParameter): Name = "Mfr_Name"; Value = "Bourns Electronics"; VariantName = "[No Variations]"
Add component (AddParameter): Name = "RefDes"; Value = ""; VariantName = "[No Variations]"
Add component (AddParameter): Name = "Type"; Value = ""; VariantName = "[No Variations]"
Add component (AddParameter): Name = "Value"; Value = "5K"; VariantName = "[No Variations]"
Added Pin To Net: NetName=NetR8_2 Pin=R9-1
Added Pin To Net: NetName=NetR8_2 Pin=R9-2
Added Pin To Net: NetName=NetC1_N Pin=R9-3
Added Pin To Net: NetName=NetQ3_2 Pin=R10-1
Added Pin To Net: NetName=NetQ3_1 Pin=R10-2
Added Pin To Net: NetName=NetQ3_3 Pin=R10-3
Added Member To Class: ClassName=Sheet1 Member=Component R9 3386P-1-502LF
Added Member To Class: ClassName=Sheet1 Member=Component R10 3386P-1-502LF
