Change Component Designator: OldDesignator=R? NewDesignator=R9
Added Component: Designator=A?(XDCR_TSOP38238)
Add component (AddParameter): Name = "Availability"; Value = "Good"; VariantName = "[No Variations]"
Add component (AddParameter): Name = "DigiKey-Purchase-URL"; Value = "https://snapeda.com/shop?store=DigiKey&id=45262"; VariantName = "[No Variations]"
Add component (AddParameter): Name = "MF"; Value = "Vishay"; VariantName = "[No Variations]"
Add component (AddParameter): Name = "Mouser-Purchase-URL"; Value = "https://snapeda.com/shop?store=Mouser&id=45262"; VariantName = "[No Variations]"
Add component (AddParameter): Name = "MP"; Value = "TSOP38238"; VariantName = "[No Variations]"
Add component (AddParameter): Name = "Package"; Value = "None"; VariantName = "[No Variations]"
Add component (AddParameter): Name = "Price"; Value = "None"; VariantName = "[No Variations]"
Add component (AddParameter): Name = "SnapEDA_Link"; Value = "https://www.snapeda.com/parts/TSOP38238/Vishay%20Semiconductor%20Opto%20Division/view-part/45262/?ref=snap"; VariantName = "[No Variations]"
Add component (AddParameter): Name = "Value"; Value = ""; VariantName = "[No Variations]"
Added Component: Designator=C(CAP_DE11XRA220KN4AP01F)
Add component (AddParameter): Name = "Availability"; Value = "Unavailable"; VariantName = "[No Variations]"
Add component (AddParameter): Name = "MF"; Value = "Murata"; VariantName = "[No Variations]"
Add component (AddParameter): Name = "MP"; Value = "DE11XRA220KN4AP01F"; VariantName = "[No Variations]"
Add component (AddParameter): Name = "Package"; Value = "Radial Disc  Murata"; VariantName = "[No Variations]"
Add component (AddParameter): Name = "Price"; Value = "None"; VariantName = "[No Variations]"
Add component (AddParameter): Name = "SnapEDA_Link"; Value = "https://www.snapeda.com/parts/DE11XRA220KN4AP01F/Murata/view-part/4545959/?ref=snap"; VariantName = "[No Variations]"
Add component (AddParameter): Name = "Value"; Value = "22pF"; VariantName = "[No Variations]"
Added Component: Designator=C(CAP_DE11XRA220KN4AP01F)
Add component (AddParameter): Name = "Availability"; Value = "Unavailable"; VariantName = "[No Variations]"
Add component (AddParameter): Name = "MF"; Value = "Murata"; VariantName = "[No Variations]"
Add component (AddParameter): Name = "MP"; Value = "DE11XRA220KN4AP01F"; VariantName = "[No Variations]"
Add component (AddParameter): Name = "Package"; Value = "Radial Disc  Murata"; VariantName = "[No Variations]"
Add component (AddParameter): Name = "Price"; Value = "None"; VariantName = "[No Variations]"
Add component (AddParameter): Name = "SnapEDA_Link"; Value = "https://www.snapeda.com/parts/DE11XRA220KN4AP01F/Murata/view-part/4545959/?ref=snap"; VariantName = "[No Variations]"
Add component (AddParameter): Name = "Value"; Value = "22pF"; VariantName = "[No Variations]"
Added Component: Designator=D?(LEDRD254W50D500H1060)
Add component (AddParameter): Name = "Availability"; Value = "Unavailable"; VariantName = "[No Variations]"
Add component (AddParameter): Name = "Check_prices"; Value = "https://www.snapeda.com/parts/L-53GD/Kingbright/view-part/?ref=eda"; VariantName = "[No Variations]"
Add component (AddParameter): Name = "MF"; Value = "Kingbright"; VariantName = "[No Variations]"
Add component (AddParameter): Name = "MP"; Value = "L-53GD"; VariantName = "[No Variations]"
Add component (AddParameter): Name = "Package"; Value = "CDIP-28"; VariantName = "[No Variations]"
Add component (AddParameter): Name = "Price"; Value = "None"; VariantName = "[No Variations]"
Add component (AddParameter): Name = "SnapEDA_Link"; Value = "https://www.snapeda.com/parts/L-53GD/Kingbright/view-part/?ref=snap"; VariantName = "[No Variations]"
Add component (AddParameter): Name = "Value"; Value = ""; VariantName = "[No Variations]"
Added Component: Designator=D?(LEDRD254W50D500H1060)
Add component (AddParameter): Name = "Availability"; Value = "Unavailable"; VariantName = "[No Variations]"
Add component (AddParameter): Name = "Check_prices"; Value = "https://www.snapeda.com/parts/L-53GD/Kingbright/view-part/?ref=eda"; VariantName = "[No Variations]"
Add component (AddParameter): Name = "MF"; Value = "Kingbright"; VariantName = "[No Variations]"
Add component (AddParameter): Name = "MP"; Value = "L-53GD"; VariantName = "[No Variations]"
Add component (AddParameter): Name = "Package"; Value = "CDIP-28"; VariantName = "[No Variations]"
Add component (AddParameter): Name = "Price"; Value = "None"; VariantName = "[No Variations]"
Add component (AddParameter): Name = "SnapEDA_Link"; Value = "https://www.snapeda.com/parts/L-53GD/Kingbright/view-part/?ref=snap"; VariantName = "[No Variations]"
Add component (AddParameter): Name = "Value"; Value = ""; VariantName = "[No Variations]"
Added Component: Designator=D?(LEDRD254W50D500H1060)
Add component (AddParameter): Name = "Availability"; Value = "Unavailable"; VariantName = "[No Variations]"
Add component (AddParameter): Name = "Check_prices"; Value = "https://www.snapeda.com/parts/L-53GD/Kingbright/view-part/?ref=eda"; VariantName = "[No Variations]"
Add component (AddParameter): Name = "MF"; Value = "Kingbright"; VariantName = "[No Variations]"
Add component (AddParameter): Name = "MP"; Value = "L-53GD"; VariantName = "[No Variations]"
Add component (AddParameter): Name = "Package"; Value = "CDIP-28"; VariantName = "[No Variations]"
Add component (AddParameter): Name = "Price"; Value = "None"; VariantName = "[No Variations]"
Add component (AddParameter): Name = "SnapEDA_Link"; Value = "https://www.snapeda.com/parts/L-53GD/Kingbright/view-part/?ref=snap"; VariantName = "[No Variations]"
Add component (AddParameter): Name = "Value"; Value = ""; VariantName = "[No Variations]"
Added Component: Designator=D?(LEDRD254W50D500H1060)
Add component (AddParameter): Name = "Availability"; Value = "Unavailable"; VariantName = "[No Variations]"
Add component (AddParameter): Name = "Check_prices"; Value = "https://www.snapeda.com/parts/L-53GD/Kingbright/view-part/?ref=eda"; VariantName = "[No Variations]"
Add component (AddParameter): Name = "MF"; Value = "Kingbright"; VariantName = "[No Variations]"
Add component (AddParameter): Name = "MP"; Value = "L-53GD"; VariantName = "[No Variations]"
Add component (AddParameter): Name = "Package"; Value = "CDIP-28"; VariantName = "[No Variations]"
Add component (AddParameter): Name = "Price"; Value = "None"; VariantName = "[No Variations]"
Add component (AddParameter): Name = "SnapEDA_Link"; Value = "https://www.snapeda.com/parts/L-53GD/Kingbright/view-part/?ref=snap"; VariantName = "[No Variations]"
Add component (AddParameter): Name = "Value"; Value = ""; VariantName = "[No Variations]"
Added Component: Designator=J?(1X07-PIN)
Add component (AddParameter): Name = "Availability"; Value = "In Stock"; VariantName = "[No Variations]"
Add component (AddParameter): Name = "Check_prices"; Value = "https://www.snapeda.com/parts/61300711121/Wurth+Elektronik/view-part/?ref=eda"; VariantName = "[No Variations]"
Add component (AddParameter): Name = "MF"; Value = "Wurth Elektronik"; VariantName = "[No Variations]"
Add component (AddParameter): Name = "MP"; Value = "61300711121"; VariantName = "[No Variations]"
Add component (AddParameter): Name = "Package"; Value = "None"; VariantName = "[No Variations]"
Add component (AddParameter): Name = "Price"; Value = "None"; VariantName = "[No Variations]"
Add component (AddParameter): Name = "SnapEDA_Link"; Value = "https://www.snapeda.com/parts/61300711121/Wurth+Elektronik/view-part/?ref=snap"; VariantName = "[No Variations]"
Add component (AddParameter): Name = "Value"; Value = ""; VariantName = "[No Variations]"
Added Component: Designator=P?(HDR1X2)
Add component (AddParameter): Name = "LatestRevisionDate"; Value = "17-Jul-2002"; VariantName = "[No Variations]"
Add component (AddParameter): Name = "LatestRevisionNote"; Value = "Re-released for DXP Platform."; VariantName = "[No Variations]"
Add component (AddParameter): Name = "Publisher"; Value = "Altium Limited"; VariantName = "[No Variations]"
Added Component: Designator=R?(AXIAL-0.4)
Add component (AddParameter): Name = "LatestRevisionDate"; Value = "17-Jul-2002"; VariantName = "[No Variations]"
Add component (AddParameter): Name = "LatestRevisionNote"; Value = "Re-released for DXP Platform."; VariantName = "[No Variations]"
Add component (AddParameter): Name = "PackageDescription"; Value = "Axial Device, Thru-Hole; 2 Leads; 0.4 in Pin Spacing"; VariantName = "[No Variations]"
Add component (AddParameter): Name = "PackageReference"; Value = "AXIAL-0.4"; VariantName = "[No Variations]"
Add component (AddParameter): Name = "Published"; Value = "8-Jun-2000"; VariantName = "[No Variations]"
Add component (AddParameter): Name = "Publisher"; Value = "Altium Limited"; VariantName = "[No Variations]"
Add component (AddParameter): Name = "Value"; Value = "1K"; VariantName = "[No Variations]"
Added Component: Designator=R?(AXIAL-0.4)
Add component (AddParameter): Name = "LatestRevisionDate"; Value = "17-Jul-2002"; VariantName = "[No Variations]"
Add component (AddParameter): Name = "LatestRevisionNote"; Value = "Re-released for DXP Platform."; VariantName = "[No Variations]"
Add component (AddParameter): Name = "PackageDescription"; Value = "Axial Device, Thru-Hole; 2 Leads; 0.4 in Pin Spacing"; VariantName = "[No Variations]"
Add component (AddParameter): Name = "PackageReference"; Value = "AXIAL-0.4"; VariantName = "[No Variations]"
Add component (AddParameter): Name = "Published"; Value = "8-Jun-2000"; VariantName = "[No Variations]"
Add component (AddParameter): Name = "Publisher"; Value = "Altium Limited"; VariantName = "[No Variations]"
Add component (AddParameter): Name = "Value"; Value = "10K"; VariantName = "[No Variations]"
Added Component: Designator=R?(AXIAL-0.4)
Add component (AddParameter): Name = "LatestRevisionDate"; Value = "17-Jul-2002"; VariantName = "[No Variations]"
Add component (AddParameter): Name = "LatestRevisionNote"; Value = "Re-released for DXP Platform."; VariantName = "[No Variations]"
Add component (AddParameter): Name = "PackageDescription"; Value = "Axial Device, Thru-Hole; 2 Leads; 0.4 in Pin Spacing"; VariantName = "[No Variations]"
Add component (AddParameter): Name = "PackageReference"; Value = "AXIAL-0.4"; VariantName = "[No Variations]"
Add component (AddParameter): Name = "Published"; Value = "8-Jun-2000"; VariantName = "[No Variations]"
Add component (AddParameter): Name = "Publisher"; Value = "Altium Limited"; VariantName = "[No Variations]"
Add component (AddParameter): Name = "Value"; Value = "1K"; VariantName = "[No Variations]"
Added Component: Designator=R?(AXIAL-0.4)
Add component (AddParameter): Name = "LatestRevisionDate"; Value = "17-Jul-2002"; VariantName = "[No Variations]"
Add component (AddParameter): Name = "LatestRevisionNote"; Value = "Re-released for DXP Platform."; VariantName = "[No Variations]"
Add component (AddParameter): Name = "PackageDescription"; Value = "Axial Device, Thru-Hole; 2 Leads; 0.4 in Pin Spacing"; VariantName = "[No Variations]"
Add component (AddParameter): Name = "PackageReference"; Value = "AXIAL-0.4"; VariantName = "[No Variations]"
Add component (AddParameter): Name = "Published"; Value = "8-Jun-2000"; VariantName = "[No Variations]"
Add component (AddParameter): Name = "Publisher"; Value = "Altium Limited"; VariantName = "[No Variations]"
Add component (AddParameter): Name = "Value"; Value = "10K"; VariantName = "[No Variations]"
Added Component: Designator=R?(AXIAL-0.4)
Add component (AddParameter): Name = "LatestRevisionDate"; Value = "17-Jul-2002"; VariantName = "[No Variations]"
Add component (AddParameter): Name = "LatestRevisionNote"; Value = "Re-released for DXP Platform."; VariantName = "[No Variations]"
Add component (AddParameter): Name = "PackageDescription"; Value = "Axial Device, Thru-Hole; 2 Leads; 0.4 in Pin Spacing"; VariantName = "[No Variations]"
Add component (AddParameter): Name = "PackageReference"; Value = "AXIAL-0.4"; VariantName = "[No Variations]"
Add component (AddParameter): Name = "Published"; Value = "8-Jun-2000"; VariantName = "[No Variations]"
Add component (AddParameter): Name = "Publisher"; Value = "Altium Limited"; VariantName = "[No Variations]"
Add component (AddParameter): Name = "Value"; Value = "270"; VariantName = "[No Variations]"
Added Component: Designator=R?(AXIAL-0.4)
Add component (AddParameter): Name = "LatestRevisionDate"; Value = "17-Jul-2002"; VariantName = "[No Variations]"
Add component (AddParameter): Name = "LatestRevisionNote"; Value = "Re-released for DXP Platform."; VariantName = "[No Variations]"
Add component (AddParameter): Name = "PackageDescription"; Value = "Axial Device, Thru-Hole; 2 Leads; 0.4 in Pin Spacing"; VariantName = "[No Variations]"
Add component (AddParameter): Name = "PackageReference"; Value = "AXIAL-0.4"; VariantName = "[No Variations]"
Add component (AddParameter): Name = "Published"; Value = "8-Jun-2000"; VariantName = "[No Variations]"
Add component (AddParameter): Name = "Publisher"; Value = "Altium Limited"; VariantName = "[No Variations]"
Add component (AddParameter): Name = "Value"; Value = "1K"; VariantName = "[No Variations]"
Added Component: Designator=R?(AXIAL-0.4)
Add component (AddParameter): Name = "LatestRevisionDate"; Value = "17-Jul-2002"; VariantName = "[No Variations]"
Add component (AddParameter): Name = "LatestRevisionNote"; Value = "Re-released for DXP Platform."; VariantName = "[No Variations]"
Add component (AddParameter): Name = "PackageDescription"; Value = "Axial Device, Thru-Hole; 2 Leads; 0.4 in Pin Spacing"; VariantName = "[No Variations]"
Add component (AddParameter): Name = "PackageReference"; Value = "AXIAL-0.4"; VariantName = "[No Variations]"
Add component (AddParameter): Name = "Published"; Value = "8-Jun-2000"; VariantName = "[No Variations]"
Add component (AddParameter): Name = "Publisher"; Value = "Altium Limited"; VariantName = "[No Variations]"
Add component (AddParameter): Name = "Value"; Value = "1K"; VariantName = "[No Variations]"
Added Component: Designator=R?(AXIAL-0.4)
Add component (AddParameter): Name = "LatestRevisionDate"; Value = "17-Jul-2002"; VariantName = "[No Variations]"
Add component (AddParameter): Name = "LatestRevisionNote"; Value = "Re-released for DXP Platform."; VariantName = "[No Variations]"
Add component (AddParameter): Name = "PackageDescription"; Value = "Axial Device, Thru-Hole; 2 Leads; 0.4 in Pin Spacing"; VariantName = "[No Variations]"
Add component (AddParameter): Name = "PackageReference"; Value = "AXIAL-0.4"; VariantName = "[No Variations]"
Add component (AddParameter): Name = "Published"; Value = "8-Jun-2000"; VariantName = "[No Variations]"
Add component (AddParameter): Name = "Publisher"; Value = "Altium Limited"; VariantName = "[No Variations]"
Add component (AddParameter): Name = "Value"; Value = "560"; VariantName = "[No Variations]"
Added Component: Designator=U2(DIP794W46P254L2967H457Q28B)
Add component (AddParameter): Name = "Availability"; Value = "Unavailable"; VariantName = "[No Variations]"
Add component (AddParameter): Name = "MF"; Value = ""; VariantName = "[No Variations]"
Add component (AddParameter): Name = "MP"; Value = "ATMEGA328P-PU"; VariantName = "[No Variations]"
Add component (AddParameter): Name = "Package"; Value = "None"; VariantName = "[No Variations]"
Add component (AddParameter): Name = "Price"; Value = "None"; VariantName = "[No Variations]"
Add component (AddParameter): Name = "Value"; Value = ""; VariantName = "[No Variations]"
Added Component: Designator=Y(XTAL_ECS-160-20-4X)
Add component (AddParameter): Name = "Availability"; Value = "Unavailable"; VariantName = "[No Variations]"
Add component (AddParameter): Name = "MF"; Value = "ECS Inc."; VariantName = "[No Variations]"
Add component (AddParameter): Name = "MP"; Value = "ECS-160-S-4"; VariantName = "[No Variations]"
Add component (AddParameter): Name = "Package"; Value = "HC49/US ECS International"; VariantName = "[No Variations]"
Add component (AddParameter): Name = "Price"; Value = "None"; VariantName = "[No Variations]"
Add component (AddParameter): Name = "SnapEDA_Link"; Value = "https://www.snapeda.com/parts/ECS-160-S-4/ECS%20Inc./view-part/3657575/?ref=snap"; VariantName = "[No Variations]"
Add component (AddParameter): Name = "Value"; Value = ""; VariantName = "[No Variations]"
Added Pin To Net: NetName=NetC1_N Pin=A?-2
Added Pin To Net: NetName=NetC1_N Pin=C2-N
Added Pin To Net: NetName=NetC1_N Pin=C-1
Added Pin To Net: NetName=NetC1_N Pin=C-1
Added Pin To Net: NetName=NetC1_N Pin=J?-5
Added Pin To Net: NetName=NetC2_P Pin=J?-7
Added Pin To Net: NetName=NetC2_P Pin=P?-1
Added Pin To Net: NetName=NetC1_N Pin=R?-1
Added Pin To Net: NetName=NetC1_N Pin=R?-1
Added Pin To Net: NetName=NetC1_N Pin=R?-1
Added Pin To Net: NetName=NetC1_N Pin=R?-1
Added Pin To Net: NetName=NetC1_N Pin=R?-1
Added Pin To Net: NetName=NetC2_P Pin=R?-1
Added Pin To Net: NetName=NetC1_N Pin=R?-2
Added Pin To Net: NetName=NetC2_P Pin=R?-2
Added Pin To Net: NetName=NetC2_P Pin=U2-7
Added Pin To Net: NetName=NetC1_N Pin=U2-8
Added Pin To Net: NetName=NetC2_P Pin=U2-20
Added Pin To Net: NetName=NetC2_P Pin=U2-21
Added Pin To Net: NetName=NetC1_N Pin=U2-22
Change Net Name : Old Net Name=NetC1_N New Net Name=GND
Change Net Name : Old Net Name=NetC2_P New Net Name=VCC
Added Pin To Net: NetName=NetA?_1 Pin=A?-1
Added Pin To Net: NetName=NetA?_1 Pin=U2-5
Added Net: Name=NetA?_1
Added Pin To Net: NetName=NetA?_3 Pin=A?-3
Added Pin To Net: NetName=NetA?_3 Pin=R?-1
Added Pin To Net: NetName=NetA?_3 Pin=R?-2
Added Net: Name=NetA?_3
Added Pin To Net: NetName=NetC_2 Pin=C-2
Added Pin To Net: NetName=NetC_2 Pin=U2-9
Added Pin To Net: NetName=NetC_2 Pin=Y-2
Added Net: Name=NetC_2
Add Net: Net with name "NetC_2" already exists
Added Pin To Net: NetName=NetD?_A Pin=D?-A
Added Pin To Net: NetName=NetD?_A Pin=U2-11
Added Net: Name=NetD?_A
Add Net: Net with name "NetD?_A" already exists
Add Net: Net with name "NetD?_A" already exists
Add Net: Net with name "NetD?_A" already exists
Added Pin To Net: NetName=NetD?_C Pin=D?-C
Added Pin To Net: NetName=NetD?_C Pin=R?-2
Added Net: Name=NetD?_C
Add Net: Net with name "NetD?_C" already exists
Add Net: Net with name "NetD?_C" already exists
Add Net: Net with name "NetD?_C" already exists
Added Pin To Net: NetName=NetJ?_1 Pin=J?-1
Added Pin To Net: NetName=NetJ?_1 Pin=U2-16
Added Net: Name=NetJ?_1
Added Pin To Net: NetName=NetJ?_2 Pin=J?-2
Added Pin To Net: NetName=NetJ?_2 Pin=U2-19
Added Net: Name=NetJ?_2
Added Pin To Net: NetName=NetJ?_3 Pin=J?-3
Added Pin To Net: NetName=NetJ?_3 Pin=U2-17
Added Net: Name=NetJ?_3
Added Pin To Net: NetName=NetJ?_4 Pin=J?-4
Added Pin To Net: NetName=NetJ?_4 Pin=U2-18
Added Net: Name=NetJ?_4
Added Pin To Net: NetName=NetJ?_6 Pin=J?-6
Added Pin To Net: NetName=NetJ?_6 Pin=U2-15
Added Net: Name=NetJ?_6
Added Pin To Net: NetName=NetP?_2 Pin=P?-2
Added Pin To Net: NetName=NetP?_2 Pin=R?-1
Added Pin To Net: NetName=NetP?_2 Pin=U2-4
Added Net: Name=NetP?_2
Added Pin To Net: NetName=NetR?_2 Pin=R?-2
Added Pin To Net: NetName=NetR?_2 Pin=U2-1
Added Net: Name=NetR?_2
Added Member To Class: ClassName=Sheet1 Member=Component A? TSOP38238
Added Member To Class: ClassName=Sheet1 Member=Component C DE11XRA220KN4AP01F
Added Member To Class: ClassName=Sheet1 Member=Component C DE11XRA220KN4AP01F
Added Member To Class: ClassName=Sheet1 Member=Component D? L-53GD
Added Member To Class: ClassName=Sheet1 Member=Component D? L-53GD
Added Member To Class: ClassName=Sheet1 Member=Component D? L-53GD
Added Member To Class: ClassName=Sheet1 Member=Component D? L-53GD
Added Member To Class: ClassName=Sheet1 Member=Component J? 61300711121
Added Member To Class: ClassName=Sheet1 Member=Component P? Header 2
Added Member To Class: ClassName=Sheet1 Member=Component R? Res2
Added Member To Class: ClassName=Sheet1 Member=Component R? Res2
Added Member To Class: ClassName=Sheet1 Member=Component R? Res2
Added Member To Class: ClassName=Sheet1 Member=Component R? Res2
Added Member To Class: ClassName=Sheet1 Member=Component R? Res2
Added Member To Class: ClassName=Sheet1 Member=Component R? Res2
Added Member To Class: ClassName=Sheet1 Member=Component R? Res2
Added Member To Class: ClassName=Sheet1 Member=Component R? Res2
Added Member To Class: ClassName=Sheet1 Member=Component U2 ATMEGA328P-PU
Added Member To Class: ClassName=Sheet1 Member=Component Y ECS-160-S-4
